Android/Application Architecture I/Chat-Server-Oneway/app/build/intermediates/manifest_merge_blame_file/debug/manifest-merger-blame-debug-report.txt
1<?xml version="1.0" encoding="utf-8"?>
2<manifest xmlns:android="http://schemas.android.com/apk/res/android"
3    package="edu.stevens.cs522.chatserver"
4    android:versionCode="1"
5    android:versionName="1.0" >
6
7    <uses-sdk
8        android:minSdkVersion="26"
8-->src/main/AndroidManifest.xml
9        android:targetSdkVersion="33" />
9-->src/main/AndroidManifest.xml
10
11    <uses-permission android:name="android.permission.READ_EXTERNAL_STORAGE" />
11-->src/main/AndroidManifest.xml:5:5-80
11-->src/main/AndroidManifest.xml:5:22-77
12    <uses-permission android:name="android.permission.WRITE_EXTERNAL_STORAGE" />
12-->src/main/AndroidManifest.xml:7:5-9:40
12-->src/main/AndroidManifest.xml:8:9-65
13    <uses-permission android:name="android.permission.INTERNET" />
13-->src/main/AndroidManifest.xml:11:5-67
13-->src/main/AndroidManifest.xml:11:22-64
14    <uses-permission android:name="android.permission.ACCESS_NETWORK_STATE" />
14-->src/main/AndroidManifest.xml:12:5-79
14-->src/main/AndroidManifest.xml:12:22-76
15    <uses-permission android:name="android.permission.READ_SMS" />
15-->[:cs522-library] AndroidManifest.xml:11:5-67
15-->[:cs522-library] AndroidManifest.xml:11:22-64
16    <uses-permission android:name="android.permission.RECEIVE_SMS" />
16-->[:cs522-library] AndroidManifest.xml:12:5-70
16-->[:cs522-library] AndroidManifest.xml:12:22-67
17    <uses-permission android:name="android.permission.SEND_SMS" /> <!-- Required for receiving MMS -->
17-->[:cs522-library] AndroidManifest.xml:13:5-67
17-->[:cs522-library] AndroidManifest.xml:13:22-64
18    <!-- <uses-permission android:name="android.permission.RECEIVE_MMS" /> -->
19    <!-- <uses-permission android:name="android.permission.RECEIVE_WAP_PUSH" /> -->
20    <uses-permission android:name="android.permission.WAKE_LOCK" />
20-->[:cs522-library] AndroidManifest.xml:19:5-68
20-->[:cs522-library] AndroidManifest.xml:19:22-65
21
22    <application
22-->src/main/AndroidManifest.xml:14:5-31:19
23        android:allowBackup="true"
23-->src/main/AndroidManifest.xml:15:9-35
24        android:appComponentFactory="androidx.core.app.CoreComponentFactory"
24-->[androidx.core:core:1.8.0] AndroidManifest.xml:24:18-86
25        android:debuggable="true"
26        android:extractNativeLibs="false"
27        android:icon="@mipmap/ic_launcher"
27-->src/main/AndroidManifest.xml:16:9-43
28        android:label="@string/app_name"
28-->src/main/AndroidManifest.xml:17:9-41
29        android:roundIcon="@mipmap/ic_launcher_round"
29-->[:cs522-library] AndroidManifest.xml:25:9-54
30        android:supportsRtl="true"
30-->src/main/AndroidManifest.xml:18:9-35
31        android:theme="@style/AppTheme" >
31-->src/main/AndroidManifest.xml:19:9-40
32        <activity
32-->src/main/AndroidManifest.xml:20:9-28:20
33            android:name="edu.stevens.cs522.chatserver.activities.ChatServerActivity"
33-->src/main/AndroidManifest.xml:21:13-58
34            android:exported="true" >
34-->src/main/AndroidManifest.xml:22:13-36
35            <intent-filter>
35-->src/main/AndroidManifest.xml:23:13-27:29
36                <action android:name="android.intent.action.MAIN" />
36-->src/main/AndroidManifest.xml:24:17-69
36-->src/main/AndroidManifest.xml:24:25-66
37
38                <category android:name="android.intent.category.LAUNCHER" />
38-->src/main/AndroidManifest.xml:26:17-77
38-->src/main/AndroidManifest.xml:26:27-74
39            </intent-filter>
40        </activity>
41        <activity android:name="edu.stevens.cs522.chatserver.activities.ViewPeersActivity" />
41-->src/main/AndroidManifest.xml:29:9-66
41-->src/main/AndroidManifest.xml:29:19-63
42        <activity android:name="edu.stevens.cs522.chatserver.activities.ViewPeerActivity" />
42-->src/main/AndroidManifest.xml:30:9-64
42-->src/main/AndroidManifest.xml:30:19-62
43
44        <service
44-->[androidx.room:room-runtime:2.4.3] AndroidManifest.xml:25:9-28:40
45            android:name="androidx.room.MultiInstanceInvalidationService"
45-->[androidx.room:room-runtime:2.4.3] AndroidManifest.xml:26:13-74
46            android:directBootAware="true"
46-->[androidx.room:room-runtime:2.4.3] AndroidManifest.xml:27:13-43
47            android:exported="false" />
47-->[androidx.room:room-runtime:2.4.3] AndroidManifest.xml:28:13-37
48
49        <receiver
49-->[:cs522-library] AndroidManifest.xml:28:9-40:20
50            android:name="edu.stevens.cs522.base.sms.ChatMessageReceiver"
50-->[:cs522-library] AndroidManifest.xml:29:13-74
51            android:enabled="true"
51-->[:cs522-library] AndroidManifest.xml:30:13-35
52            android:exported="true" >
52-->[:cs522-library] AndroidManifest.xml:31:13-36
53            <intent-filter>
53-->[:cs522-library] AndroidManifest.xml:32:13-39:29
54                <action android:name="android.provider.Telephony.SMS_RECEIVED" />
54-->[:cs522-library] AndroidManifest.xml:33:17-82
54-->[:cs522-library] AndroidManifest.xml:33:25-79
55                <action android:name="android.provider.Telephony.SMS_DELIVER" />
55-->[:cs522-library] AndroidManifest.xml:34:17-81
55-->[:cs522-library] AndroidManifest.xml:34:25-78
56
57                <!-- Required for MMS receiver -->
58                <!-- <action android:name="android.provider.Telephony.WAP_PUSH_DELIVER" /> -->
59                <!-- <data android:mimeType="application/vnd.wap.mms-message" /> -->
60            </intent-filter>
61        </receiver>
62
63        <service
63-->[:cs522-library] AndroidManifest.xml:42:9-45:40
64            android:name="edu.stevens.cs522.base.work.WorkIntentService"
64-->[:cs522-library] AndroidManifest.xml:43:13-73
65            android:enabled="true"
65-->[:cs522-library] AndroidManifest.xml:44:13-35
66            android:exported="false" />
66-->[:cs522-library] AndroidManifest.xml:45:13-37
67    </application>
68
69</manifest>